{
  "RSpec": {
    "coverage": {
      "/home/uoroaix/Documents/bootcamp/rails/temp/spec/support/devise.rb": [
        1,
        1,
        null
      ],
      "/home/uoroaix/Documents/bootcamp/rails/temp/app/models/question.rb": [
        1,
        null,
        1,
        1,
        null,
        1,
        1,
        1,
        1,
        1,
        1,
        null,
        1,
        1,
        null,
        null,
        1,
        null,
        1,
        null,
        4,
        null,
        1,
        1,
        1,
        null,
        1,
        0,
        null,
        null,
        null,
        null,
        null,
        null,
        null,
        null
      ],
      "/home/uoroaix/Documents/bootcamp/rails/temp/app/controllers/questions_controller.rb": [
        1,
        1,
        1,
        null,
        null,
        1,
        0,
        null,
        null,
        null,
        null,
        1,
        0,
        0,
        null,
        0,
        null,
        0,
        null,
        0,
        null,
        null,
        null,
        null,
        1,
        1,
        1,
        1,
        1,
        1,
        null,
        1,
        null,
        null,
        1,
        0,
        null,
        null,
        null,
        1,
        null,
        null,
        1,
        null,
        0,
        0,
        null,
        0,
        0,
        null,
        null,
        null,
        null,
        null,
        1,
        null,
        0,
        0,
        null,
        0,
        null,
        null,
        null,
        null,
        null,
        null,
        null,
        null,
        null,
        null,
        null,
        1,
        null,
        1,
        0,
        null,
        null,
        1,
        0,
        null,
        0,
        null,
        null,
        null,
        null
      ],
      "/home/uoroaix/Documents/bootcamp/rails/temp/app/controllers/application_controller.rb": [
        1,
        null,
        null,
        1,
        null,
        null,
        1,
        null,
        1,
        null,
        1,
        0,
        0,
        null,
        null,
        null
      ],
      "/home/uoroaix/Documents/bootcamp/rails/temp/app/models/answer.rb": [
        1,
        1,
        1,
        1,
        1,
        null,
        1,
        null,
        2,
        null,
        1,
        null,
        1,
        1,
        null,
        null
      ],
      "/home/uoroaix/Documents/bootcamp/rails/temp/app/models/favorite.rb": [
        1,
        1,
        1,
        null,
        1,
        null
      ],
      "/home/uoroaix/Documents/bootcamp/rails/temp/app/models/vote.rb": [
        1,
        1,
        1,
        null,
        1,
        null
      ],
      "/home/uoroaix/Documents/bootcamp/rails/temp/app/models/categorization.rb": [
        1,
        1,
        1,
        null
      ],
      "/home/uoroaix/Documents/bootcamp/rails/temp/app/models/category.rb": [
        1,
        null,
        1,
        1,
        null
      ],
      "/home/uoroaix/Documents/bootcamp/rails/temp/app/controllers/answers_controller.rb": [
        1,
        null,
        1,
        null,
        1,
        1,
        null,
        null,
        1,
        1,
        null,
        1,
        1,
        2,
        null,
        0,
        0,
        null,
        null,
        null,
        null,
        1,
        0,
        0,
        0,
        0,
        0,
        null,
        0,
        0,
        null,
        null,
        null,
        null,
        null,
        null,
        null,
        1,
        null,
        1,
        1,
        null,
        null,
        1,
        1,
        null,
        null,
        null
      ],
      "/home/uoroaix/Documents/bootcamp/rails/temp/app/mailers/answer_mailer.rb": [
        1,
        1,
        null,
        1,
        0,
        0,
        0,
        0,
        null,
        null,
        null,
        null
      ]
    },
    "timestamp": 1398202837
  }
}
